<?xml version="1.0" encoding="utf-8"?><testsuites name="pytest tests"><testsuite name="pytest" errors="0" failures="1" skipped="0" tests="4" time="0.070" timestamp="2025-12-08T16:53:24.040068-05:00" hostname="Kyeonghoon"><testcase classname="tests.test_example" name="test_add_ok" time="0.000" /><testcase classname="tests.test_example" name="test_div_ok" time="0.000" /><testcase classname="tests.test_example" name="test_div_zero" time="0.000" /><testcase classname="tests.test_example" name="test_fail_intentionally" time="0.000"><failure message="assert 2 == 3&#10; +  where 2 = add(1, 1)">def test_fail_intentionally():
        # 일부러 FAIL 내는 테스트
&gt;       assert add(1, 1) == 3
E       assert 2 == 3
E        +  where 2 = add(1, 1)

..\..\OneDrive\바탕 화면\Test_Report_Hub\tests\test_example.py:20: AssertionError</failure></testcase></testsuite></testsuites>