<?xml version="1.0" encoding="utf-8"?><testsuites name="pytest tests"><testsuite name="pytest" errors="1" failures="0" skipped="0" tests="1" time="0.127" timestamp="2025-11-24T17:07:07.837733-05:00" hostname="Kyeonghoon"><testcase classname="" name="tests.test_example" time="0.000"><error message="collection failure">ImportError while importing test module 'C:\Users\kyung\OneDrive\바탕 화면\Test_Report_Hub\tests\test_example.py'.
Hint: make sure your test modules/packages have valid Python names.
Traceback:
C:\Program Files\WindowsApps\PythonSoftwareFoundation.Python.3.12_3.12.2800.0_x64__qbz5n2kfra8p0\Lib\importlib\__init__.py:90: in import_module
    return _bootstrap._gcd_import(name[level:], package, level)
           ^^^^^^^^^^^^^^^^^^^^^^^^^^^^^^^^^^^^^^^^^^^^^^^^^^^^
tests\test_example.py:2: in &lt;module&gt;
    from example_app import add, div
E   ModuleNotFoundError: No module named 'example_app'</error></testcase></testsuite></testsuites>